<?xml version="1.0" encoding="UTF-8"?>
<!-- Generated by org.testng.reporters.JUnitReportReporter -->
<testsuite hostname="GauravAhuja" failures="0" tests="1" name="RunnerPackage.RunnerClass" time="38.048" errors="0" timestamp="2023-08-07T05:30:11 IST" skipped="0">
  <testcase classname="RunnerPackage.RunnerClass" name="runScenario" time="38.048"/>
  <system-out/>
</testsuite> <!-- RunnerPackage.RunnerClass -->
