<?xml version="1.0" encoding="UTF-8"?>
<!-- Generated by org.testng.reporters.JUnitReportReporter -->
<testsuite hostname="GauravAhuja" failures="0" tests="1" name="RunnerPackage.RunnerClass" time="32.025" errors="0" timestamp="2023-08-06T18:45:48 IST" skipped="0">
  <testcase classname="RunnerPackage.RunnerClass" name="runScenario" time="32.025"/>
  <system-out/>
</testsuite> <!-- RunnerPackage.RunnerClass -->
